<?xml version="1.0" encoding="UTF-8"?>
<!-- Generated by org.testng.reporters.JUnitXMLReporter -->
<testsuite ignored="0" hostname="DESKTOP-98FU1K6" failures="0" tests="2" name="Error Validations Test" time="95.057" errors="0" timestamp="22 nov 2025 05:27:39 GMT">
  <testcase classname="rahulshettyacademy.tests.ErrorValidationsTest" name="LoginErrorValidation" time="1.049"/>
  <testcase classname="rahulshettyacademy.tests.ErrorValidationsTest" name="ProductErrorValidation" time="12.544"/>
</testsuite> <!-- Error Validations Test -->
