<?xml version="1.0" encoding="UTF-8"?>
<!-- Generated by org.testng.reporters.JUnitReportReporter -->
<testsuite hostname="DESKTOP-98FU1K6" failures="0" tests="2" name="rahulshettyacademy.tests.ErrorValidationsTest" time="95.039" errors="0" timestamp="22 nov 2025 05:30:18 GMT" skipped="0">
  <testcase classname="rahulshettyacademy.tests.ErrorValidationsTest" name="ProductErrorValidation" time="36.570"/>
  <testcase classname="rahulshettyacademy.tests.ErrorValidationsTest" name="LoginErrorValidation" time="58.469"/>
</testsuite> <!-- rahulshettyacademy.tests.ErrorValidationsTest -->
